[2025-08-29 08:44:05,991] INFO - 🔁 Loading data...
[2025-08-29 08:44:07,476] INFO - ✅ Data loaded successfully.
[2025-08-29 08:44:31,554] INFO - 🎬 Recommending movies for: 'Bathing Beauty'
[2025-08-29 08:44:31,585] INFO - ✅ Top 5 recommendations ready.
[2025-08-29 08:44:47,058] INFO - 🎬 Recommending movies for: 'The Expendables 2'
[2025-08-29 08:44:47,078] INFO - ✅ Top 5 recommendations ready.
[2025-08-29 08:46:03,698] INFO - 🎬 Recommending movies for: '(500) Days of Summer'
[2025-08-29 08:46:03,719] INFO - ✅ Top 5 recommendations ready.
[2025-08-29 08:54:06,104] INFO - 🎬 Recommending movies for: '(500) Days of Summer'
[2025-08-29 08:54:06,116] INFO - ✅ Top 5 recommendations ready.
[2025-08-29 08:54:34,958] INFO - 🔁 Loading data...
[2025-08-29 08:54:35,065] INFO - ✅ Data loaded successfully.
[2025-08-29 08:54:36,500] INFO - 🎬 Recommending movies for: '(500) Days of Summer'
[2025-08-29 08:54:36,508] INFO - ✅ Top 5 recommendations ready.
[2025-08-29 09:02:36,993] INFO - 🔁 Loading data...
[2025-08-29 09:02:37,164] INFO - ✅ Data loaded successfully.
[2025-08-29 09:02:38,930] INFO - 🎬 Recommending movies for: '(500) Days of Summer'
[2025-08-29 09:02:38,937] INFO - ✅ Top 5 recommendations ready.
[2025-08-29 09:03:21,086] INFO - 🔁 Loading data...
[2025-08-29 09:03:21,626] INFO - ✅ Data loaded successfully.
[2025-08-29 09:03:23,926] INFO - 🎬 Recommending movies for: '(500) Days of Summer'
[2025-08-29 09:03:23,936] INFO - ✅ Top 5 recommendations ready.
[2025-08-29 09:03:40,638] INFO - 🎬 Recommending movies for: 'Batman'
[2025-08-29 09:03:40,646] INFO - ✅ Top 5 recommendations ready.
[2025-08-29 09:04:02,382] INFO - 🔁 Loading data...
[2025-08-29 09:04:02,872] INFO - ✅ Data loaded successfully.
[2025-08-29 09:04:04,951] INFO - 🎬 Recommending movies for: '(500) Days of Summer'
[2025-08-29 09:04:04,958] INFO - ✅ Top 5 recommendations ready.
[2025-08-29 09:05:06,579] INFO - 🔁 Loading data...
[2025-08-29 09:05:07,034] INFO - ✅ Data loaded successfully.
[2025-08-29 09:05:10,437] INFO - 🎬 Recommending movies for: '(500) Days of Summer'
[2025-08-29 09:05:10,445] INFO - ✅ Top 5 recommendations ready.
[2025-08-29 09:05:20,160] INFO - 🔁 Loading data...
[2025-08-29 09:05:20,259] INFO - ✅ Data loaded successfully.
[2025-08-29 09:05:21,881] INFO - 🎬 Recommending movies for: '(500) Days of Summer'
[2025-08-29 09:05:21,887] INFO - ✅ Top 5 recommendations ready.
[2025-08-29 09:05:34,378] INFO - 🎬 Recommending movies for: 'Iron Man'
[2025-08-29 09:05:34,382] INFO - ✅ Top 5 recommendations ready.
[2025-08-29 21:19:45,210] INFO - 🔁 Loading data...
[2025-08-29 21:19:51,684] INFO - ✅ Data loaded successfully.
[2025-08-29 21:20:21,382] INFO - 🎬 Recommending movies for: 'A Guy Thing'
[2025-08-29 21:20:21,422] INFO - ✅ Top 5 recommendations ready.
[2026-06-15 10:37:55,197] INFO - 🔁 Loading data...
[2026-06-15 10:37:58,545] INFO - ✅ Data loaded successfully.
[2026-06-15 10:38:05,552] INFO - 🎬 Recommending movies for: '102 Dalmatians'
[2026-06-15 10:38:05,571] INFO - ✅ Top 5 recommendations ready.
[2026-06-15 10:38:29,867] INFO - 🎬 Recommending movies for: 'The Pirates! In an Adventure with Scientists!'
[2026-06-15 10:38:29,874] INFO - ✅ Top 5 recommendations ready.
[2026-06-15 11:16:24,830] INFO - 🔁 Loading data...
[2026-06-15 11:16:26,341] INFO - ✅ Data loaded successfully.
[2026-06-15 11:16:43,648] INFO - 🎬 Recommending movies for: '3 Ninjas Kick Back'
[2026-06-15 11:16:43,660] INFO - ✅ Top 5 recommendations ready.
[2026-06-15 11:16:55,110] INFO - 🎬 Recommending movies for: '3 Ninjas Kick Back'
[2026-06-15 11:16:55,130] INFO - ✅ Top 5 recommendations ready.
[2026-06-15 11:17:00,127] INFO - 🎬 Recommending movies for: '10th & Wolf'
[2026-06-15 11:17:00,141] INFO - ✅ Top 5 recommendations ready.
